# JRE version: OpenJDK Runtime Environment Temurin-17.0.10+7 (17.0.10+7) (build 17.0.10+7)
# Java VM: OpenJDK 64-Bit Server VM Temurin-17.0.10+7 (17.0.10+7, mixed mode, tiered, compressed oops, compressed class ptrs, parallel gc, windows-amd64)
GC Precious Log:
 CPUs: 4 total, 4 available
 Memory: 3818M
 Large Page Support: Disabled
 NUMA Support: Disabled
 Compressed Oops: Enabled (32-bit)
 Alignments: Space 512K, Generation 512K, Heap 2M
 Heap Min Capacity: 100M
 Heap Initial Capacity: 100M
 Heap Max Capacity: 1G
 Pre-touch: Disabled
 Parallel Workers: 4
Heap:
 PSYoungGen      total 19456K, used 12627K [0x00000000eab00000, 0x00000000ec000000, 0x0000000100000000)
  eden space 18432K, 65% used [0x00000000eab00000,0x00000000eb6c4e00,0x00000000ebd00000)
  from space 1024K, 56% used [0x00000000ebf00000,0x00000000ebf90000,0x00000000ec000000)
  to   space 1024K, 0% used [0x00000000ebe00000,0x00000000ebe00000,0x00000000ebf00000)
 ParOldGen       total 68608K, used 37008K [0x00000000c0000000, 0x00000000c4300000, 0x00000000eab00000)
  object space 68608K, 53% used [0x00000000c0000000,0x00000000c24243a0,0x00000000c4300000)
 Metaspace       used 62891K, committed 64064K, reserved 1114112K
  class space    used 6787K, committed 7296K, reserved 1048576K
GC Heap History (20 events):
Event: 10.432 GC heap before
{Heap before GC invocations=23 (full 2):
 PSYoungGen      total 22016K, used 21952K [0x00000000eab00000, 0x00000000ec380000, 0x0000000100000000)
  eden space 19968K, 100% used [0x00000000eab00000,0x00000000ebe80000,0x00000000ebe80000)
  from space 2048K, 96% used [0x00000000ec180000,0x00000000ec370020,0x00000000ec380000)
  to   space 2560K, 0% used [0x00000000ebe80000,0x00000000ebe80000,0x00000000ec100000)
 ParOldGen       total 68608K, used 30195K [0x00000000c0000000, 0x00000000c4300000, 0x00000000eab00000)
  object space 68608K, 44% used [0x00000000c0000000,0x00000000c1d7cd60,0x00000000c4300000)
 Metaspace       used 54729K, committed 55808K, reserved 1114112K
  class space    used 5928K, committed 6400K, reserved 1048576K
}
Event: 10.435 GC heap after
{Heap after GC invocations=23 (full 2):
 PSYoungGen      total 22528K, used 2080K [0x00000000eab00000, 0x00000000ec380000, 0x0000000100000000)
  eden space 19968K, 0% used [0x00000000eab00000,0x00000000eab00000,0x00000000ebe80000)
  from space 2560K, 81% used [0x00000000ebe80000,0x00000000ec088000,0x00000000ec100000)
  to   space 2560K, 0% used [0x00000000ec100000,0x00000000ec100000,0x00000000ec380000)
 ParOldGen       total 68608K, used 32099K [0x00000000c0000000, 0x00000000c4300000, 0x00000000eab00000)
  object space 68608K, 46% used [0x00000000c0000000,0x00000000c1f58d80,0x00000000c4300000)
 Metaspace       used 54729K, committed 55808K, reserved 1114112K
  class space    used 5928K, committed 6400K, reserved 1048576K
}
Event: 10.571 GC heap before
{Heap before GC invocations=24 (full 2):
 PSYoungGen      total 22528K, used 22048K [0x00000000eab00000, 0x00000000ec380000, 0x0000000100000000)
  eden space 19968K, 100% used [0x00000000eab00000,0x00000000ebe80000,0x00000000ebe80000)
  from space 2560K, 81% used [0x00000000ebe80000,0x00000000ec088000,0x00000000ec100000)
  to   space 2560K, 0% used [0x00000000ec100000,0x00000000ec100000,0x00000000ec380000)
 ParOldGen       total 68608K, used 32099K [0x00000000c0000000, 0x00000000c4300000, 0x00000000eab00000)
  object space 68608K, 46% used [0x00000000c0000000,0x00000000c1f58d80,0x00000000c4300000)
 Metaspace       used 55218K, committed 56384K, reserved 1114112K
  class space    used 5984K, committed 6464K, reserved 1048576K
}
Event: 10.579 GC heap after
{Heap after GC invocations=24 (full 2):
 PSYoungGen      total 22528K, used 2251K [0x00000000eab00000, 0x00000000ec380000, 0x0000000100000000)
  eden space 19968K, 0% used [0x00000000eab00000,0x00000000eab00000,0x00000000ebe80000)
  from space 2560K, 87% used [0x00000000ec100000,0x00000000ec332d60,0x00000000ec380000)
  to   space 2560K, 0% used [0x00000000ebe80000,0x00000000ebe80000,0x00000000ec100000)
 ParOldGen       total 68608K, used 34123K [0x00000000c0000000, 0x00000000c4300000, 0x00000000eab00000)
  object space 68608K, 49% used [0x00000000c0000000,0x00000000c2152d80,0x00000000c4300000)
 Metaspace       used 55218K, committed 56384K, reserved 1114112K
  class space    used 5984K, committed 6464K, reserved 1048576K
}
Event: 11.063 GC heap before
{Heap before GC invocations=25 (full 2):
 PSYoungGen      total 22528K, used 22219K [0x00000000eab00000, 0x00000000ec380000, 0x0000000100000000)
  eden space 19968K, 100% used [0x00000000eab00000,0x00000000ebe80000,0x00000000ebe80000)
  from space 2560K, 87% used [0x00000000ec100000,0x00000000ec332d60,0x00000000ec380000)
  to   space 2560K, 0% used [0x00000000ebe80000,0x00000000ebe80000,0x00000000ec100000)
 ParOldGen       total 68608K, used 34123K [0x00000000c0000000, 0x00000000c4300000, 0x00000000eab00000)
  object space 68608K, 49% used [0x00000000c0000000,0x00000000c2152d80,0x00000000c4300000)
 Metaspace       used 56736K, committed 57920K, reserved 1114112K
  class space    used 6155K, committed 6656K, reserved 1048576K
}
Event: 11.066 GC heap after
{Heap after GC invocations=25 (full 2):
 PSYoungGen      total 21504K, used 1354K [0x00000000eab00000, 0x00000000ec280000, 0x0000000100000000)
  eden space 19968K, 0% used [0x00000000eab00000,0x00000000eab00000,0x00000000ebe80000)
  from space 1536K, 88% used [0x00000000ebe80000,0x00000000ebfd2830,0x00000000ec000000)
  to   space 2048K, 0% used [0x00000000ec080000,0x00000000ec080000,0x00000000ec280000)
 ParOldGen       total 68608K, used 35904K [0x00000000c0000000, 0x00000000c4300000, 0x00000000eab00000)
  object space 68608K, 52% used [0x00000000c0000000,0x00000000c2310370,0x00000000c4300000)
 Metaspace       used 56736K, committed 57920K, reserved 1114112K
  class space    used 6155K, committed 6656K, reserved 1048576K
}
Event: 11.502 GC heap before
{Heap before GC invocations=26 (full 2):
 PSYoungGen      total 21504K, used 21314K [0x00000000eab00000, 0x00000000ec280000, 0x0000000100000000)
  eden space 19968K, 99% used [0x00000000eab00000,0x00000000ebe7e1e8,0x00000000ebe80000)
  from space 1536K, 88% used [0x00000000ebe80000,0x00000000ebfd2830,0x00000000ec000000)
  to   space 2048K, 0% used [0x00000000ec080000,0x00000000ec080000,0x00000000ec280000)
 ParOldGen       total 68608K, used 35904K [0x00000000c0000000, 0x00000000c4300000, 0x00000000eab00000)
  object space 68608K, 52% used [0x00000000c0000000,0x00000000c2310370,0x00000000c4300000)
 Metaspace       used 58042K, committed 59200K, reserved 1114112K
  class space    used 6281K, committed 6784K, reserved 1048576K
}
Event: 11.505 GC heap after
{Heap after GC invocations=26 (full 2):
 PSYoungGen      total 21504K, used 1218K [0x00000000eab00000, 0x00000000ec200000, 0x0000000100000000)
  eden space 19968K, 0% used [0x00000000eab00000,0x00000000eab00000,0x00000000ebe80000)
  from space 1536K, 79% used [0x00000000ec080000,0x00000000ec1b0988,0x00000000ec200000)
  to   space 1536K, 0% used [0x00000000ebe80000,0x00000000ebe80000,0x00000000ec000000)
 ParOldGen       total 68608K, used 37000K [0x00000000c0000000, 0x00000000c4300000, 0x00000000eab00000)
  object space 68608K, 53% used [0x00000000c0000000,0x00000000c2422288,0x00000000c4300000)
 Metaspace       used 58042K, committed 59200K, reserved 1114112K
  class space    used 6281K, committed 6784K, reserved 1048576K
}
Event: 11.969 GC heap before
{Heap before GC invocations=27 (full 2):
 PSYoungGen      total 21504K, used 21186K [0x00000000eab00000, 0x00000000ec200000, 0x0000000100000000)
  eden space 19968K, 100% used [0x00000000eab00000,0x00000000ebe80000,0x00000000ebe80000)
  from space 1536K, 79% used [0x00000000ec080000,0x00000000ec1b0988,0x00000000ec200000)
  to   space 1536K, 0% used [0x00000000ebe80000,0x00000000ebe80000,0x00000000ec000000)
 ParOldGen       total 68608K, used 37000K [0x00000000c0000000, 0x00000000c4300000, 0x00000000eab00000)
  object space 68608K, 53% used [0x00000000c0000000,0x00000000c2422288,0x00000000c4300000)
 Metaspace       used 58467K, committed 59648K, reserved 1114112K
  class space    used 6338K, committed 6848K, reserved 1048576K
}
Event: 11.971 GC heap after
{Heap after GC invocations=27 (full 2):
 PSYoungGen      total 21504K, used 634K [0x00000000eab00000, 0x00000000ec100000, 0x0000000100000000)
  eden space 19968K, 0% used [0x00000000eab00000,0x00000000eab00000,0x00000000ebe80000)
  from space 1536K, 41% used [0x00000000ebe80000,0x00000000ebf1e940,0x00000000ec000000)
  to   space 1024K, 0% used [0x00000000ec000000,0x00000000ec000000,0x00000000ec100000)
 ParOldGen       total 68608K, used 38102K [0x00000000c0000000, 0x00000000c4300000, 0x00000000eab00000)
  object space 68608K, 55% used [0x00000000c0000000,0x00000000c2535a18,0x00000000c4300000)
 Metaspace       used 58467K, committed 59648K, reserved 1114112K
  class space    used 6338K, committed 6848K, reserved 1048576K
}
Event: 12.055 GC heap before
{Heap before GC invocations=28 (full 2):
 PSYoungGen      total 21504K, used 4661K [0x00000000eab00000, 0x00000000ec100000, 0x0000000100000000)
  eden space 19968K, 20% used [0x00000000eab00000,0x00000000eaeeee70,0x00000000ebe80000)
  from space 1536K, 41% used [0x00000000ebe80000,0x00000000ebf1e940,0x00000000ec000000)
  to   space 1024K, 0% used [0x00000000ec000000,0x00000000ec000000,0x00000000ec100000)
 ParOldGen       total 68608K, used 38102K [0x00000000c0000000, 0x00000000c4300000, 0x00000000eab00000)
  object space 68608K, 55% used [0x00000000c0000000,0x00000000c2535a18,0x00000000c4300000)
 Metaspace       used 58656K, committed 59776K, reserved 1114112K
  class space    used 6367K, committed 6848K, reserved 1048576K
}
Event: 12.056 GC heap after
{Heap after GC invocations=28 (full 2):
 PSYoungGen      total 20480K, used 256K [0x00000000eab00000, 0x00000000ec080000, 0x0000000100000000)
  eden space 19968K, 0% used [0x00000000eab00000,0x00000000eab00000,0x00000000ebe80000)
  from space 512K, 50% used [0x00000000ec000000,0x00000000ec040000,0x00000000ec080000)
  to   space 512K, 0% used [0x00000000ebf80000,0x00000000ebf80000,0x00000000ec000000)
 ParOldGen       total 68608K, used 38654K [0x00000000c0000000, 0x00000000c4300000, 0x00000000eab00000)
  object space 68608K, 56% used [0x00000000c0000000,0x00000000c25bfa18,0x00000000c4300000)
 Metaspace       used 58656K, committed 59776K, reserved 1114112K
  class space    used 6367K, committed 6848K, reserved 1048576K
}
Event: 12.056 GC heap before
{Heap before GC invocations=29 (full 3):
 PSYoungGen      total 20480K, used 256K [0x00000000eab00000, 0x00000000ec080000, 0x0000000100000000)
  eden space 19968K, 0% used [0x00000000eab00000,0x00000000eab00000,0x00000000ebe80000)
  from space 512K, 50% used [0x00000000ec000000,0x00000000ec040000,0x00000000ec080000)
  to   space 512K, 0% used [0x00000000ebf80000,0x00000000ebf80000,0x00000000ec000000)
 ParOldGen       total 68608K, used 38654K [0x00000000c0000000, 0x00000000c4300000, 0x00000000eab00000)
  object space 68608K, 56% used [0x00000000c0000000,0x00000000c25bfa18,0x00000000c4300000)
 Metaspace       used 58656K, committed 59776K, reserved 1114112K
  class space    used 6367K, committed 6848K, reserved 1048576K
}
Event: 12.151 GC heap after
{Heap after GC invocations=29 (full 3):
 PSYoungGen      total 20480K, used 0K [0x00000000eab00000, 0x00000000ec080000, 0x0000000100000000)
  eden space 19968K, 0% used [0x00000000eab00000,0x00000000eab00000,0x00000000ebe80000)
  from space 512K, 0% used [0x00000000ec000000,0x00000000ec000000,0x00000000ec080000)
  to   space 512K, 0% used [0x00000000ebf80000,0x00000000ebf80000,0x00000000ec000000)
 ParOldGen       total 68608K, used 34310K [0x00000000c0000000, 0x00000000c4300000, 0x00000000eab00000)
  object space 68608K, 50% used [0x00000000c0000000,0x00000000c21818b8,0x00000000c4300000)
 Metaspace       used 58656K, committed 59776K, reserved 1114112K
  class space    used 6367K, committed 6848K, reserved 1048576K
}
Event: 12.527 GC heap before
{Heap before GC invocations=30 (full 3):
 PSYoungGen      total 20480K, used 19968K [0x00000000eab00000, 0x00000000ec080000, 0x0000000100000000)
  eden space 19968K, 100% used [0x00000000eab00000,0x00000000ebe80000,0x00000000ebe80000)
  from space 512K, 0% used [0x00000000ec000000,0x00000000ec000000,0x00000000ec080000)
  to   space 512K, 0% used [0x00000000ebf80000,0x00000000ebf80000,0x00000000ec000000)
 ParOldGen       total 68608K, used 34310K [0x00000000c0000000, 0x00000000c4300000, 0x00000000eab00000)
  object space 68608K, 50% used [0x00000000c0000000,0x00000000c21818b8,0x00000000c4300000)
 Metaspace       used 59797K, committed 60992K, reserved 1114112K
  class space    used 6487K, committed 7040K, reserved 1048576K
}
Event: 12.529 GC heap after
{Heap after GC invocations=30 (full 3):
 PSYoungGen      total 20480K, used 512K [0x00000000eab00000, 0x00000000ec080000, 0x0000000100000000)
  eden space 19968K, 0% used [0x00000000eab00000,0x00000000eab00000,0x00000000ebe80000)
  from space 512K, 100% used [0x00000000ebf80000,0x00000000ec000000,0x00000000ec000000)
  to   space 512K, 0% used [0x00000000ec000000,0x00000000ec000000,0x00000000ec080000)
 ParOldGen       total 68608K, used 34350K [0x00000000c0000000, 0x00000000c4300000, 0x00000000eab00000)
  object space 68608K, 50% used [0x00000000c0000000,0x00000000c218b8b8,0x00000000c4300000)
 Metaspace       used 59797K, committed 60992K, reserved 1114112K
  class space    used 6487K, committed 7040K, reserved 1048576K
}
Event: 12.688 GC heap before
{Heap before GC invocations=31 (full 3):
 PSYoungGen      total 20480K, used 20480K [0x00000000eab00000, 0x00000000ec080000, 0x0000000100000000)
  eden space 19968K, 100% used [0x00000000eab00000,0x00000000ebe80000,0x00000000ebe80000)
  from space 512K, 100% used [0x00000000ebf80000,0x00000000ec000000,0x00000000ec000000)
  to   space 512K, 0% used [0x00000000ec000000,0x00000000ec000000,0x00000000ec080000)
 ParOldGen       total 68608K, used 34350K [0x00000000c0000000, 0x00000000c4300000, 0x00000000eab00000)
  object space 68608K, 50% used [0x00000000c0000000,0x00000000c218b8b8,0x00000000c4300000)
 Metaspace       used 60602K, committed 61760K, reserved 1114112K
  class space    used 6555K, committed 7040K, reserved 1048576K
}
Event: 12.691 GC heap after
{Heap after GC invocations=31 (full 3):
 PSYoungGen      total 18944K, used 512K [0x00000000eab00000, 0x00000000ec480000, 0x0000000100000000)
  eden space 18432K, 0% used [0x00000000eab00000,0x00000000eab00000,0x00000000ebd00000)
  from space 512K, 100% used [0x00000000ec000000,0x00000000ec080000,0x00000000ec080000)
  to   space 3072K, 0% used [0x00000000ebd00000,0x00000000ebd00000,0x00000000ec000000)
 ParOldGen       total 68608K, used 36232K [0x00000000c0000000, 0x00000000c4300000, 0x00000000eab00000)
  object space 68608K, 52% used [0x00000000c0000000,0x00000000c23623a0,0x00000000c4300000)
 Metaspace       used 60602K, committed 61760K, reserved 1114112K
  class space    used 6555K, committed 7040K, reserved 1048576K
}
Event: 12.764 GC heap before
{Heap before GC invocations=32 (full 3):
 PSYoungGen      total 18944K, used 18944K [0x00000000eab00000, 0x00000000ec480000, 0x0000000100000000)
  eden space 18432K, 100% used [0x00000000eab00000,0x00000000ebd00000,0x00000000ebd00000)
  from space 512K, 100% used [0x00000000ec000000,0x00000000ec080000,0x00000000ec080000)
  to   space 3072K, 0% used [0x00000000ebd00000,0x00000000ebd00000,0x00000000ec000000)
 ParOldGen       total 68608K, used 36232K [0x00000000c0000000, 0x00000000c4300000, 0x00000000eab00000)
  object space 68608K, 52% used [0x00000000c0000000,0x00000000c23623a0,0x00000000c4300000)
 Metaspace       used 60658K, committed 61824K, reserved 1114112K
  class space    used 6561K, committed 7040K, reserved 1048576K
}
Event: 12.767 GC heap after
{Heap after GC invocations=32 (full 3):
 PSYoungGen      total 19968K, used 1046K [0x00000000eab00000, 0x00000000ec080000, 0x0000000100000000)
  eden space 18432K, 0% used [0x00000000eab00000,0x00000000eab00000,0x00000000ebd00000)
  from space 1536K, 68% used [0x00000000ebd00000,0x00000000ebe05bc8,0x00000000ebe80000)
  to   space 1536K, 0% used [0x00000000ebf00000,0x00000000ebf00000,0x00000000ec080000)
 ParOldGen       total 68608K, used 36720K [0x00000000c0000000, 0x00000000c4300000, 0x00000000eab00000)
  object space 68608K, 53% used [0x00000000c0000000,0x00000000c23dc3a0,0x00000000c4300000)
 Metaspace       used 60658K, committed 61824K, reserved 1114112K
  class space    used 6561K, committed 7040K, reserved 1048576K
}

