# JRE version: OpenJDK Runtime Environment Temurin-17.0.10+7 (17.0.10+7) (build 17.0.10+7)
# Java VM: OpenJDK 64-Bit Server VM Temurin-17.0.10+7 (17.0.10+7, mixed mode, tiered, compressed oops, compressed class ptrs, parallel gc, windows-amd64)
GC Precious Log:
 CPUs: 4 total, 4 available
 Memory: 3818M
 Large Page Support: Disabled
 NUMA Support: Disabled
 Compressed Oops: Enabled (32-bit)
 Alignments: Space 512K, Generation 512K, Heap 2M
 Heap Min Capacity: 100M
 Heap Initial Capacity: 100M
 Heap Max Capacity: 1G
 Pre-touch: Disabled
 Parallel Workers: 4
Heap:
 PSYoungGen      total 24064K, used 23203K [0x00000000eab00000, 0x00000000ec480000, 0x0000000100000000)
  eden space 22016K, 96% used [0x00000000eab00000,0x00000000ebfd9080,0x00000000ec080000)
  from space 2048K, 90% used [0x00000000ec280000,0x00000000ec44fb98,0x00000000ec480000)
  to   space 2048K, 0% used [0x00000000ec080000,0x00000000ec080000,0x00000000ec280000)
 ParOldGen       total 68608K, used 40614K [0x00000000c0000000, 0x00000000c4300000, 0x00000000eab00000)
  object space 68608K, 59% used [0x00000000c0000000,0x00000000c27a9a80,0x00000000c4300000)
 Metaspace       used 64591K, committed 65792K, reserved 1114112K
  class space    used 6878K, committed 7424K, reserved 1048576K
GC Heap History (20 events):
Event: 11.246 GC heap before
{Heap before GC invocations=25 (full 2):
 PSYoungGen      total 24064K, used 23689K [0x00000000eab00000, 0x00000000ec580000, 0x0000000100000000)
  eden space 22016K, 100% used [0x00000000eab00000,0x00000000ec080000,0x00000000ec080000)
  from space 2048K, 81% used [0x00000000ec380000,0x00000000ec522420,0x00000000ec580000)
  to   space 2048K, 0% used [0x00000000ec180000,0x00000000ec180000,0x00000000ec380000)
 ParOldGen       total 68608K, used 33102K [0x00000000c0000000, 0x00000000c4300000, 0x00000000eab00000)
  object space 68608K, 48% used [0x00000000c0000000,0x00000000c2053880,0x00000000c4300000)
 Metaspace       used 57310K, committed 58432K, reserved 1114112K
  class space    used 6193K, committed 6720K, reserved 1048576K
}
Event: 11.251 GC heap after
{Heap after GC invocations=25 (full 2):
 PSYoungGen      total 24064K, used 1641K [0x00000000eab00000, 0x00000000ec480000, 0x0000000100000000)
  eden space 22016K, 0% used [0x00000000eab00000,0x00000000eab00000,0x00000000ec080000)
  from space 2048K, 80% used [0x00000000ec180000,0x00000000ec31a6e0,0x00000000ec380000)
  to   space 1024K, 0% used [0x00000000ec380000,0x00000000ec380000,0x00000000ec480000)
 ParOldGen       total 68608K, used 34605K [0x00000000c0000000, 0x00000000c4300000, 0x00000000eab00000)
  object space 68608K, 50% used [0x00000000c0000000,0x00000000c21cb470,0x00000000c4300000)
 Metaspace       used 57310K, committed 58432K, reserved 1114112K
  class space    used 6193K, committed 6720K, reserved 1048576K
}
Event: 11.561 GC heap before
{Heap before GC invocations=26 (full 2):
 PSYoungGen      total 24064K, used 23657K [0x00000000eab00000, 0x00000000ec480000, 0x0000000100000000)
  eden space 22016K, 100% used [0x00000000eab00000,0x00000000ec080000,0x00000000ec080000)
  from space 2048K, 80% used [0x00000000ec180000,0x00000000ec31a6e0,0x00000000ec380000)
  to   space 1024K, 0% used [0x00000000ec380000,0x00000000ec380000,0x00000000ec480000)
 ParOldGen       total 68608K, used 34605K [0x00000000c0000000, 0x00000000c4300000, 0x00000000eab00000)
  object space 68608K, 50% used [0x00000000c0000000,0x00000000c21cb470,0x00000000c4300000)
 Metaspace       used 57697K, committed 58880K, reserved 1114112K
  class space    used 6250K, committed 6784K, reserved 1048576K
}
Event: 11.568 GC heap after
{Heap after GC invocations=26 (full 2):
 PSYoungGen      total 23040K, used 1024K [0x00000000eab00000, 0x00000000ec580000, 0x0000000100000000)
  eden space 22016K, 0% used [0x00000000eab00000,0x00000000eab00000,0x00000000ec080000)
  from space 1024K, 100% used [0x00000000ec380000,0x00000000ec480000,0x00000000ec480000)
  to   space 2560K, 0% used [0x00000000ec080000,0x00000000ec080000,0x00000000ec300000)
 ParOldGen       total 68608K, used 35998K [0x00000000c0000000, 0x00000000c4300000, 0x00000000eab00000)
  object space 68608K, 52% used [0x00000000c0000000,0x00000000c2327948,0x00000000c4300000)
 Metaspace       used 57697K, committed 58880K, reserved 1114112K
  class space    used 6250K, committed 6784K, reserved 1048576K
}
Event: 11.772 GC heap before
{Heap before GC invocations=27 (full 2):
 PSYoungGen      total 23040K, used 18065K [0x00000000eab00000, 0x00000000ec580000, 0x0000000100000000)
  eden space 22016K, 77% used [0x00000000eab00000,0x00000000ebba4600,0x00000000ec080000)
  from space 1024K, 100% used [0x00000000ec380000,0x00000000ec480000,0x00000000ec480000)
  to   space 2560K, 0% used [0x00000000ec080000,0x00000000ec080000,0x00000000ec300000)
 ParOldGen       total 68608K, used 35998K [0x00000000c0000000, 0x00000000c4300000, 0x00000000eab00000)
  object space 68608K, 52% used [0x00000000c0000000,0x00000000c2327948,0x00000000c4300000)
 Metaspace       used 58604K, committed 59776K, reserved 1114112K
  class space    used 6350K, committed 6912K, reserved 1048576K
}
Event: 11.775 GC heap after
{Heap after GC invocations=27 (full 2):
 PSYoungGen      total 23040K, used 892K [0x00000000eab00000, 0x00000000ec400000, 0x0000000100000000)
  eden space 22016K, 0% used [0x00000000eab00000,0x00000000eab00000,0x00000000ec080000)
  from space 1024K, 87% used [0x00000000ec080000,0x00000000ec15f220,0x00000000ec180000)
  to   space 1536K, 0% used [0x00000000ec280000,0x00000000ec280000,0x00000000ec400000)
 ParOldGen       total 68608K, used 36908K [0x00000000c0000000, 0x00000000c4300000, 0x00000000eab00000)
  object space 68608K, 53% used [0x00000000c0000000,0x00000000c240b020,0x00000000c4300000)
 Metaspace       used 58604K, committed 59776K, reserved 1114112K
  class space    used 6350K, committed 6912K, reserved 1048576K
}
Event: 11.775 GC heap before
{Heap before GC invocations=28 (full 3):
 PSYoungGen      total 23040K, used 892K [0x00000000eab00000, 0x00000000ec400000, 0x0000000100000000)
  eden space 22016K, 0% used [0x00000000eab00000,0x00000000eab00000,0x00000000ec080000)
  from space 1024K, 87% used [0x00000000ec080000,0x00000000ec15f220,0x00000000ec180000)
  to   space 1536K, 0% used [0x00000000ec280000,0x00000000ec280000,0x00000000ec400000)
 ParOldGen       total 68608K, used 36908K [0x00000000c0000000, 0x00000000c4300000, 0x00000000eab00000)
  object space 68608K, 53% used [0x00000000c0000000,0x00000000c240b020,0x00000000c4300000)
 Metaspace       used 58604K, committed 59776K, reserved 1114112K
  class space    used 6350K, committed 6912K, reserved 1048576K
}
Event: 11.874 GC heap after
{Heap after GC invocations=28 (full 3):
 PSYoungGen      total 23040K, used 0K [0x00000000eab00000, 0x00000000ec400000, 0x0000000100000000)
  eden space 22016K, 0% used [0x00000000eab00000,0x00000000eab00000,0x00000000ec080000)
  from space 1024K, 0% used [0x00000000ec080000,0x00000000ec080000,0x00000000ec180000)
  to   space 1536K, 0% used [0x00000000ec280000,0x00000000ec280000,0x00000000ec400000)
 ParOldGen       total 68608K, used 34716K [0x00000000c0000000, 0x00000000c4300000, 0x00000000eab00000)
  object space 68608K, 50% used [0x00000000c0000000,0x00000000c21e7158,0x00000000c4300000)
 Metaspace       used 58604K, committed 59776K, reserved 1114112K
  class space    used 6350K, committed 6912K, reserved 1048576K
}
Event: 12.278 GC heap before
{Heap before GC invocations=29 (full 3):
 PSYoungGen      total 23040K, used 21985K [0x00000000eab00000, 0x00000000ec400000, 0x0000000100000000)
  eden space 22016K, 99% used [0x00000000eab00000,0x00000000ec078670,0x00000000ec080000)
  from space 1024K, 0% used [0x00000000ec080000,0x00000000ec080000,0x00000000ec180000)
  to   space 1536K, 0% used [0x00000000ec280000,0x00000000ec280000,0x00000000ec400000)
 ParOldGen       total 68608K, used 34716K [0x00000000c0000000, 0x00000000c4300000, 0x00000000eab00000)
  object space 68608K, 50% used [0x00000000c0000000,0x00000000c21e7158,0x00000000c4300000)
 Metaspace       used 59880K, committed 61120K, reserved 1114112K
  class space    used 6460K, committed 7040K, reserved 1048576K
}
Event: 12.281 GC heap after
{Heap after GC invocations=29 (full 3):
 PSYoungGen      total 23552K, used 1521K [0x00000000eab00000, 0x00000000ec480000, 0x0000000100000000)
  eden space 22016K, 0% used [0x00000000eab00000,0x00000000eab00000,0x00000000ec080000)
  from space 1536K, 99% used [0x00000000ec280000,0x00000000ec3fc740,0x00000000ec400000)
  to   space 2048K, 0% used [0x00000000ec080000,0x00000000ec080000,0x00000000ec280000)
 ParOldGen       total 68608K, used 35037K [0x00000000c0000000, 0x00000000c4300000, 0x00000000eab00000)
  object space 68608K, 51% used [0x00000000c0000000,0x00000000c2237478,0x00000000c4300000)
 Metaspace       used 59880K, committed 61120K, reserved 1114112K
  class space    used 6460K, committed 7040K, reserved 1048576K
}
Event: 12.387 GC heap before
{Heap before GC invocations=30 (full 3):
 PSYoungGen      total 23552K, used 23537K [0x00000000eab00000, 0x00000000ec480000, 0x0000000100000000)
  eden space 22016K, 100% used [0x00000000eab00000,0x00000000ec080000,0x00000000ec080000)
  from space 1536K, 99% used [0x00000000ec280000,0x00000000ec3fc740,0x00000000ec400000)
  to   space 2048K, 0% used [0x00000000ec080000,0x00000000ec080000,0x00000000ec280000)
 ParOldGen       total 68608K, used 35037K [0x00000000c0000000, 0x00000000c4300000, 0x00000000eab00000)
  object space 68608K, 51% used [0x00000000c0000000,0x00000000c2237478,0x00000000c4300000)
 Metaspace       used 60033K, committed 61248K, reserved 1114112K
  class space    used 6479K, committed 7040K, reserved 1048576K
}
Event: 12.389 GC heap after
{Heap after GC invocations=30 (full 3):
 PSYoungGen      total 23040K, used 822K [0x00000000eab00000, 0x00000000ec380000, 0x0000000100000000)
  eden space 22016K, 0% used [0x00000000eab00000,0x00000000eab00000,0x00000000ec080000)
  from space 1024K, 80% used [0x00000000ec080000,0x00000000ec14db98,0x00000000ec180000)
  to   space 1536K, 0% used [0x00000000ec200000,0x00000000ec200000,0x00000000ec380000)
 ParOldGen       total 68608K, used 35981K [0x00000000c0000000, 0x00000000c4300000, 0x00000000eab00000)
  object space 68608K, 52% used [0x00000000c0000000,0x00000000c2323420,0x00000000c4300000)
 Metaspace       used 60033K, committed 61248K, reserved 1114112K
  class space    used 6479K, committed 7040K, reserved 1048576K
}
Event: 12.535 GC heap before
{Heap before GC invocations=31 (full 3):
 PSYoungGen      total 23040K, used 22838K [0x00000000eab00000, 0x00000000ec380000, 0x0000000100000000)
  eden space 22016K, 100% used [0x00000000eab00000,0x00000000ec080000,0x00000000ec080000)
  from space 1024K, 80% used [0x00000000ec080000,0x00000000ec14db98,0x00000000ec180000)
  to   space 1536K, 0% used [0x00000000ec200000,0x00000000ec200000,0x00000000ec380000)
 ParOldGen       total 68608K, used 35981K [0x00000000c0000000, 0x00000000c4300000, 0x00000000eab00000)
  object space 68608K, 52% used [0x00000000c0000000,0x00000000c2323420,0x00000000c4300000)
 Metaspace       used 60617K, committed 61824K, reserved 1114112K
  class space    used 6531K, committed 7104K, reserved 1048576K
}
Event: 12.536 GC heap after
{Heap after GC invocations=31 (full 3):
 PSYoungGen      total 23040K, used 736K [0x00000000eab00000, 0x00000000ec300000, 0x0000000100000000)
  eden space 22016K, 0% used [0x00000000eab00000,0x00000000eab00000,0x00000000ec080000)
  from space 1024K, 71% used [0x00000000ec200000,0x00000000ec2b8000,0x00000000ec300000)
  to   space 1024K, 0% used [0x00000000ec080000,0x00000000ec080000,0x00000000ec180000)
 ParOldGen       total 68608K, used 36309K [0x00000000c0000000, 0x00000000c4300000, 0x00000000eab00000)
  object space 68608K, 52% used [0x00000000c0000000,0x00000000c2375420,0x00000000c4300000)
 Metaspace       used 60617K, committed 61824K, reserved 1114112K
  class space    used 6531K, committed 7104K, reserved 1048576K
}
Event: 12.816 GC heap before
{Heap before GC invocations=32 (full 3):
 PSYoungGen      total 23040K, used 22752K [0x00000000eab00000, 0x00000000ec300000, 0x0000000100000000)
  eden space 22016K, 100% used [0x00000000eab00000,0x00000000ec080000,0x00000000ec080000)
  from space 1024K, 71% used [0x00000000ec200000,0x00000000ec2b8000,0x00000000ec300000)
  to   space 1024K, 0% used [0x00000000ec080000,0x00000000ec080000,0x00000000ec180000)
 ParOldGen       total 68608K, used 36309K [0x00000000c0000000, 0x00000000c4300000, 0x00000000eab00000)
  object space 68608K, 52% used [0x00000000c0000000,0x00000000c2375420,0x00000000c4300000)
 Metaspace       used 62570K, committed 63808K, reserved 1114112K
  class space    used 6735K, committed 7296K, reserved 1048576K
}
Event: 12.818 GC heap after
{Heap after GC invocations=32 (full 3):
 PSYoungGen      total 23040K, used 1015K [0x00000000eab00000, 0x00000000ec580000, 0x0000000100000000)
  eden space 22016K, 0% used [0x00000000eab00000,0x00000000eab00000,0x00000000ec080000)
  from space 1024K, 99% used [0x00000000ec080000,0x00000000ec17df70,0x00000000ec180000)
  to   space 2560K, 0% used [0x00000000ec300000,0x00000000ec300000,0x00000000ec580000)
 ParOldGen       total 68608K, used 37333K [0x00000000c0000000, 0x00000000c4300000, 0x00000000eab00000)
  object space 68608K, 54% used [0x00000000c0000000,0x00000000c2475420,0x00000000c4300000)
 Metaspace       used 62570K, committed 63808K, reserved 1114112K
  class space    used 6735K, committed 7296K, reserved 1048576K
}
Event: 13.021 GC heap before
{Heap before GC invocations=33 (full 3):
 PSYoungGen      total 23040K, used 23031K [0x00000000eab00000, 0x00000000ec580000, 0x0000000100000000)
  eden space 22016K, 100% used [0x00000000eab00000,0x00000000ec080000,0x00000000ec080000)
  from space 1024K, 99% used [0x00000000ec080000,0x00000000ec17df70,0x00000000ec180000)
  to   space 2560K, 0% used [0x00000000ec300000,0x00000000ec300000,0x00000000ec580000)
 ParOldGen       total 68608K, used 37333K [0x00000000c0000000, 0x00000000c4300000, 0x00000000eab00000)
  object space 68608K, 54% used [0x00000000c0000000,0x00000000c2475420,0x00000000c4300000)
 Metaspace       used 63361K, committed 64576K, reserved 1114112K
  class space    used 6792K, committed 7360K, reserved 1048576K
}
Event: 13.024 GC heap after
{Heap after GC invocations=33 (full 3):
 PSYoungGen      total 23552K, used 1536K [0x00000000eab00000, 0x00000000ec480000, 0x0000000100000000)
  eden space 22016K, 0% used [0x00000000eab00000,0x00000000eab00000,0x00000000ec080000)
  from space 1536K, 100% used [0x00000000ec300000,0x00000000ec480000,0x00000000ec480000)
  to   space 2048K, 0% used [0x00000000ec080000,0x00000000ec080000,0x00000000ec280000)
 ParOldGen       total 68608K, used 38176K [0x00000000c0000000, 0x00000000c4300000, 0x00000000eab00000)
  object space 68608K, 55% used [0x00000000c0000000,0x00000000c25481a8,0x00000000c4300000)
 Metaspace       used 63361K, committed 64576K, reserved 1114112K
  class space    used 6792K, committed 7360K, reserved 1048576K
}
Event: 13.216 GC heap before
{Heap before GC invocations=34 (full 3):
 PSYoungGen      total 23552K, used 23552K [0x00000000eab00000, 0x00000000ec480000, 0x0000000100000000)
  eden space 22016K, 100% used [0x00000000eab00000,0x00000000ec080000,0x00000000ec080000)
  from space 1536K, 100% used [0x00000000ec300000,0x00000000ec480000,0x00000000ec480000)
  to   space 2048K, 0% used [0x00000000ec080000,0x00000000ec080000,0x00000000ec280000)
 ParOldGen       total 68608K, used 38176K [0x00000000c0000000, 0x00000000c4300000, 0x00000000eab00000)
  object space 68608K, 55% used [0x00000000c0000000,0x00000000c25481a8,0x00000000c4300000)
 Metaspace       used 63843K, committed 65088K, reserved 1114112K
  class space    used 6824K, committed 7424K, reserved 1048576K
}
Event: 13.227 GC heap after
{Heap after GC invocations=34 (full 3):
 PSYoungGen      total 24064K, used 1504K [0x00000000eab00000, 0x00000000ec480000, 0x0000000100000000)
  eden space 22016K, 0% used [0x00000000eab00000,0x00000000eab00000,0x00000000ec080000)
  from space 2048K, 73% used [0x00000000ec080000,0x00000000ec1f8000,0x00000000ec280000)
  to   space 2048K, 0% used [0x00000000ec280000,0x00000000ec280000,0x00000000ec480000)
 ParOldGen       total 68608K, used 39496K [0x00000000c0000000, 0x00000000c4300000, 0x00000000eab00000)
  object space 68608K, 57% used [0x00000000c0000000,0x00000000c2692358,0x00000000c4300000)
 Metaspace       used 63843K, committed 65088K, reserved 1114112K
  class space    used 6824K, committed 7424K, reserved 1048576K
}

